[debug] [2021-06-17T07:36:47.898Z] ----------------------------------------------------------------------
[debug] [2021-06-17T07:36:47.900Z] Command:       C:\Program Files\nodejs\node.exe C:\Users\minhhung\AppData\Roaming\npm\node_modules\firebase-tools\lib\bin\firebase.js init
[debug] [2021-06-17T07:36:47.900Z] CLI Version:   9.12.1
[debug] [2021-06-17T07:36:47.900Z] Platform:      win32
[debug] [2021-06-17T07:36:47.901Z] Node Version:  v14.16.1
[debug] [2021-06-17T07:36:47.901Z] Time:          Thu Jun 17 2021 14:36:47 GMT+0700 (Indochina Time)
[debug] [2021-06-17T07:36:47.901Z] ----------------------------------------------------------------------
[debug] 
[debug] [2021-06-17T07:36:47.904Z] >>> [apiv2][query] GET https://firebase-public.firebaseio.com/cli.json [none]
[debug] [2021-06-17T07:36:47.925Z] > command requires scopes: ["email","openid","https://www.googleapis.com/auth/cloudplatformprojects.readonly","https://www.googleapis.com/auth/firebase","https://www.googleapis.com/auth/cloud-platform"]
[debug] [2021-06-17T07:36:47.925Z] > authorizing via signed-in user (minhhunghuynh1106@gmail.com)
[info] 
     ######## #### ########  ######## ########     ###     ######  ########
     ##        ##  ##     ## ##       ##     ##  ##   ##  ##       ##
     ######    ##  ########  ######   ########  #########  ######  ######
     ##        ##  ##    ##  ##       ##     ## ##     ##       ## ##
     ##       #### ##     ## ######## ########  ##     ##  ######  ########

You're about to initialize a Firebase project in this directory:

  E:\My Projects\food-G App

[debug] [2021-06-17T07:36:48.675Z] <<< [apiv2][status] GET https://firebase-public.firebaseio.com/cli.json 200
[debug] [2021-06-17T07:36:48.676Z] <<< [apiv2][body] GET https://firebase-public.firebaseio.com/cli.json {"cloudBuildErrorAfter":1594252800000,"cloudBuildWarnAfter":1590019200000,"defaultNode10After":1594252800000,"minVersion":"3.0.5","node8DeploysDisabledAfter":1613390400000,"node8RuntimeDisabledAfter":1615809600000,"node8WarnAfter":1600128000000}
